<?xml version="1.0" ?>
<testsuite errors="0" failures="0" name="TestHello-20200508152753" tests="4" time="0.007">
	<testcase classname="TestHello" name="test_add" time="0.004"/>
	<testcase classname="TestHello" name="test_hello" time="0.001"/>
	<testcase classname="TestHello" name="test_hello_hello" time="0.001"/>
	<testcase classname="TestHello" name="test_hello_name" time="0.001"/>
	<system-out>
<![CDATA[]]>	</system-out>
	<system-err>
<![CDATA[]]>	</system-err>
</testsuite>
